[2018-04-13 10:14:49] request.INFO: Matched route "admin_module_catalog". {"route_parameters":{"_controller":"PrestaShopBundle\\Controller\\Admin\\ModuleController::catalogAction","_legacy_controller":"AdminModules","_route":"admin_module_catalog"},"request_uri":"http://www.pickeo.net/admin898yvnpu5/index.php/module/catalog?_token=q22C1eeoRJ7bJ0QPUH7w_2n3L7B17a3bobGqsjE9ry4"} []
[2018-04-13 10:14:49] security.INFO: Populated the TokenStorage with an anonymous Token. [] []
[2018-04-13 10:14:58] app.ERROR: Data from PrestaShop Addons is invalid, and cannot fallback on cache.  {"exception":"cURL error 28: Operation timed out after 5000 milliseconds with 0 bytes received"} []
[2018-04-13 10:15:04] security.DEBUG: Stored the security token in the session. {"key":"_security_main"} []
[2018-04-13 10:15:00] request.INFO: Matched route "admin_module_catalog". {"route_parameters":{"_controller":"PrestaShopBundle\\Controller\\Admin\\ModuleController::catalogAction","_legacy_controller":"AdminModules","_route":"admin_module_catalog"},"request_uri":"http://www.pickeo.net/admin898yvnpu5/index.php/module/catalog?_token=q22C1eeoRJ7bJ0QPUH7w_2n3L7B17a3bobGqsjE9ry4"} []
[2018-04-13 10:15:04] security.DEBUG: Read existing security token from the session. {"key":"_security_main"} []
[2018-04-13 10:15:04] security.DEBUG: User was reloaded from a user provider. {"username":"info@tidinternationalgroup.com","provider":"PrestaShopBundle\\Security\\Admin\\EmployeeProvider"} []
[2018-04-13 10:15:09] app.ERROR: Data from PrestaShop Addons is invalid, and cannot fallback on cache.  {"exception":"cURL error 28: Operation timed out after 5001 milliseconds with 0 bytes received"} []
[2018-04-13 10:15:10] security.DEBUG: Stored the security token in the session. {"key":"_security_main"} []
[2018-04-13 10:15:11] request.INFO: Matched route "admin_module_catalog_refresh". {"route_parameters":{"category":null,"keyword":null,"_controller":"PrestaShopBundle\\Controller\\Admin\\ModuleController::refreshCatalogAction","_legacy_controller":"AdminModules","_route":"admin_module_catalog_refresh"},"request_uri":"http://www.pickeo.net/admin898yvnpu5/index.php/module/catalog/refresh?_token=q22C1eeoRJ7bJ0QPUH7w_2n3L7B17a3bobGqsjE9ry4"} []
[2018-04-13 10:15:11] security.DEBUG: Read existing security token from the session. {"key":"_security_main"} []
[2018-04-13 10:15:11] security.DEBUG: User was reloaded from a user provider. {"username":"info@tidinternationalgroup.com","provider":"PrestaShopBundle\\Security\\Admin\\EmployeeProvider"} []
[2018-04-13 10:15:16] app.ERROR: Data from PrestaShop Addons is invalid, and cannot fallback on cache.  {"exception":"cURL error 28: Operation timed out after 5000 milliseconds with 0 bytes received"} []
[2018-04-13 10:15:22] security.DEBUG: Stored the security token in the session. {"key":"_security_main"} []
[2018-08-21 08:13:07] request.INFO: Matched route "admin_module_catalog". {"route_parameters":{"_controller":"PrestaShopBundle\\Controller\\Admin\\ModuleController::catalogAction","_legacy_controller":"AdminModules","_route":"admin_module_catalog"},"request_uri":"https://www.pickeo.net/admin898yvnpu5/index.php/module/catalog?_token=hEk6LiIpfGA1EY_obildDORwNNKUb6NeFIAol5QIuvo"} []
[2018-08-21 08:13:27] security.INFO: Populated the TokenStorage with an anonymous Token. [] []
[2018-08-21 08:13:32] app.ERROR: Data from PrestaShop Addons is invalid, and cannot fallback on cache.  {"exception":"cURL error 28: Operation timed out after 5000 milliseconds with 0 bytes received"} []
[2018-08-21 08:13:33] security.DEBUG: Stored the security token in the session. {"key":"_security_main"} []
[2018-08-21 08:13:26] request.INFO: Matched route "admin_module_catalog". {"route_parameters":{"_controller":"PrestaShopBundle\\Controller\\Admin\\ModuleController::catalogAction","_legacy_controller":"AdminModules","_route":"admin_module_catalog"},"request_uri":"https://www.pickeo.net/admin898yvnpu5/index.php/module/catalog?_token=hEk6LiIpfGA1EY_obildDORwNNKUb6NeFIAol5QIuvo"} []
[2018-08-21 08:13:33] security.DEBUG: Read existing security token from the session. {"key":"_security_main"} []
[2018-08-21 08:13:33] security.DEBUG: User was reloaded from a user provider. {"username":"jlrivas@pickeo.net","provider":"PrestaShopBundle\\Security\\Admin\\EmployeeProvider"} []
[2018-08-21 08:13:38] app.ERROR: Data from PrestaShop Addons is invalid, and cannot fallback on cache.  {"exception":"cURL error 28: Operation timed out after 5000 milliseconds with 0 bytes received"} []
[2018-08-21 08:13:39] security.DEBUG: Stored the security token in the session. {"key":"_security_main"} []
[2018-08-21 08:13:40] request.INFO: Matched route "admin_module_catalog_refresh". {"route_parameters":{"category":null,"keyword":null,"_controller":"PrestaShopBundle\\Controller\\Admin\\ModuleController::refreshCatalogAction","_legacy_controller":"AdminModules","_route":"admin_module_catalog_refresh"},"request_uri":"https://www.pickeo.net/admin898yvnpu5/index.php/module/catalog/refresh?_token=hEk6LiIpfGA1EY_obildDORwNNKUb6NeFIAol5QIuvo"} []
[2018-08-21 08:13:40] security.DEBUG: Read existing security token from the session. {"key":"_security_main"} []
[2018-08-21 08:13:40] security.DEBUG: User was reloaded from a user provider. {"username":"jlrivas@pickeo.net","provider":"PrestaShopBundle\\Security\\Admin\\EmployeeProvider"} []
[2018-08-21 08:13:45] app.ERROR: Data from PrestaShop Addons is invalid, and cannot fallback on cache.  {"exception":"cURL error 28: Operation timed out after 5001 milliseconds with 0 bytes received"} []
[2018-08-21 08:13:46] security.DEBUG: Stored the security token in the session. {"key":"_security_main"} []
[2018-08-21 08:13:43] request.INFO: Matched route "admin_module_manage". {"route_parameters":{"category":null,"keyword":null,"_controller":"PrestaShopBundle\\Controller\\Admin\\ModuleController::manageAction","_legacy_controller":"AdminModules","_route":"admin_module_manage"},"request_uri":"https://www.pickeo.net/admin898yvnpu5/index.php/module/manage?_token=hEk6LiIpfGA1EY_obildDORwNNKUb6NeFIAol5QIuvo"} []
[2018-08-21 08:13:46] security.DEBUG: Read existing security token from the session. {"key":"_security_main"} []
[2018-08-21 08:13:46] security.DEBUG: User was reloaded from a user provider. {"username":"jlrivas@pickeo.net","provider":"PrestaShopBundle\\Security\\Admin\\EmployeeProvider"} []
[2018-08-21 08:13:51] app.ERROR: Data from PrestaShop Addons is invalid, and cannot fallback on cache.  {"exception":"cURL error 28: Operation timed out after 5001 milliseconds with 0 bytes received"} []
[2018-08-21 08:13:52] security.DEBUG: Stored the security token in the session. {"key":"_security_main"} []
[2018-08-21 08:13:51] request.INFO: Matched route "admin_module_manage". {"route_parameters":{"category":null,"keyword":null,"_controller":"PrestaShopBundle\\Controller\\Admin\\ModuleController::manageAction","_legacy_controller":"AdminModules","_route":"admin_module_manage"},"request_uri":"https://www.pickeo.net/admin898yvnpu5/index.php/module/manage?_token=hEk6LiIpfGA1EY_obildDORwNNKUb6NeFIAol5QIuvo"} []
[2018-08-21 08:13:52] security.DEBUG: Read existing security token from the session. {"key":"_security_main"} []
[2018-08-21 08:13:52] security.DEBUG: User was reloaded from a user provider. {"username":"jlrivas@pickeo.net","provider":"PrestaShopBundle\\Security\\Admin\\EmployeeProvider"} []
[2018-08-21 08:13:58] app.ERROR: Data from PrestaShop Addons is invalid, and cannot fallback on cache.  {"exception":"cURL error 28: Operation timed out after 5001 milliseconds with 0 bytes received"} []
[2018-08-21 08:13:59] security.DEBUG: Stored the security token in the session. {"key":"_security_main"} []
[2018-08-21 08:14:07] request.INFO: Matched route "admin_module_configure_action". {"route_parameters":{"_controller":"PrestaShopBundle\\Controller\\Admin\\ModuleController::configureModuleAction","_legacy_controller":"AdminModules","module_name":"ceca","_route":"admin_module_configure_action"},"request_uri":"https://www.pickeo.net/admin898yvnpu5/index.php/module/manage/action/configure/ceca?_token=hEk6LiIpfGA1EY_obildDORwNNKUb6NeFIAol5QIuvo"} []
[2018-08-21 08:14:07] security.DEBUG: Read existing security token from the session. {"key":"_security_main"} []
[2018-08-21 08:14:07] security.DEBUG: User was reloaded from a user provider. {"username":"jlrivas@pickeo.net","provider":"PrestaShopBundle\\Security\\Admin\\EmployeeProvider"} []
[2018-08-21 08:14:12] app.ERROR: Data from PrestaShop Addons is invalid, and cannot fallback on cache.  {"exception":"cURL error 28: Operation timed out after 5000 milliseconds with 0 bytes received"} []
[2018-08-21 08:14:12] security.DEBUG: Stored the security token in the session. {"key":"_security_main"} []
[2018-09-06 12:18:23] request.INFO: Matched route "admin_product_image_upload". {"route_parameters":{"_controller":"PrestaShopBundle\\Controller\\Admin\\ProductImageController::uploadImageAction","idProduct":"43","_route":"admin_product_image_upload"},"request_uri":"https://www.pickeo.net/admin898yvnpu5/index.php/product/product/image/upload/43?_token=GbzHbzuV0eC4t3K4aGEIiCQ8m_zWfbx-yuU1b-l73Cg"} []
[2018-09-06 12:18:23] security.DEBUG: Read existing security token from the session. {"key":"_security_main"} []
[2018-09-06 12:18:23] security.DEBUG: User was reloaded from a user provider. {"username":"jlrivas@pickeo.net","provider":"PrestaShopBundle\\Security\\Admin\\EmployeeProvider"} []
[2018-09-06 12:18:23] request.CRITICAL: Uncaught PHP Exception Symfony\Component\Debug\Exception\OutOfMemoryException: "Error: Allowed memory size of 100663296 bytes exhausted (tried to allocate 16384 bytes)" at /srv/www/pickeo.net/www/classes/ImageManager.php line 545 {"exception":"[object] (Symfony\\Component\\Debug\\Exception\\OutOfMemoryException(code: 0): Error: Allowed memory size of 100663296 bytes exhausted (tried to allocate 16384 bytes) at /srv/www/pickeo.net/www/classes/ImageManager.php:545)"} []
[2018-09-25 22:24:10] request.INFO: Matched route "admin_product_image_upload". {"route_parameters":{"_controller":"PrestaShopBundle\\Controller\\Admin\\ProductImageController::uploadImageAction","idProduct":"41","_route":"admin_product_image_upload"},"request_uri":"https://www.pickeo.net/admin898yvnpu5/index.php/product/product/image/upload/41?_token=YRIar9rQwJmQ7Z_bY5eej6XhQVl2uqe9rZ_zO1GjnyM"} []
[2018-09-25 22:24:10] security.DEBUG: Read existing security token from the session. {"key":"_security_main"} []
[2018-09-25 22:24:10] security.DEBUG: User was reloaded from a user provider. {"username":"jlrivas@pickeo.net","provider":"PrestaShopBundle\\Security\\Admin\\EmployeeProvider"} []
[2018-09-25 22:24:12] request.CRITICAL: Uncaught PHP Exception Symfony\Component\Debug\Exception\OutOfMemoryException: "Error: Allowed memory size of 100663296 bytes exhausted (tried to allocate 16384 bytes)" at /srv/www/pickeo.net/www/classes/ImageManager.php line 545 {"exception":"[object] (Symfony\\Component\\Debug\\Exception\\OutOfMemoryException(code: 0): Error: Allowed memory size of 100663296 bytes exhausted (tried to allocate 16384 bytes) at /srv/www/pickeo.net/www/classes/ImageManager.php:545)"} []
[2018-09-25 22:24:33] request.INFO: Matched route "admin_product_image_upload". {"route_parameters":{"_controller":"PrestaShopBundle\\Controller\\Admin\\ProductImageController::uploadImageAction","idProduct":"41","_route":"admin_product_image_upload"},"request_uri":"https://www.pickeo.net/admin898yvnpu5/index.php/product/product/image/upload/41?_token=YRIar9rQwJmQ7Z_bY5eej6XhQVl2uqe9rZ_zO1GjnyM"} []
[2018-09-25 22:24:33] security.DEBUG: Read existing security token from the session. {"key":"_security_main"} []
[2018-09-25 22:24:33] security.DEBUG: User was reloaded from a user provider. {"username":"jlrivas@pickeo.net","provider":"PrestaShopBundle\\Security\\Admin\\EmployeeProvider"} []
[2018-09-25 22:24:33] request.CRITICAL: Uncaught PHP Exception Symfony\Component\Debug\Exception\OutOfMemoryException: "Error: Allowed memory size of 100663296 bytes exhausted (tried to allocate 16384 bytes)" at /srv/www/pickeo.net/www/classes/ImageManager.php line 545 {"exception":"[object] (Symfony\\Component\\Debug\\Exception\\OutOfMemoryException(code: 0): Error: Allowed memory size of 100663296 bytes exhausted (tried to allocate 16384 bytes) at /srv/www/pickeo.net/www/classes/ImageManager.php:545)"} []
[2018-09-25 22:26:38] request.INFO: Matched route "admin_product_image_upload". {"route_parameters":{"_controller":"PrestaShopBundle\\Controller\\Admin\\ProductImageController::uploadImageAction","idProduct":"26","_route":"admin_product_image_upload"},"request_uri":"https://www.pickeo.net/admin898yvnpu5/index.php/product/product/image/upload/26?_token=YRIar9rQwJmQ7Z_bY5eej6XhQVl2uqe9rZ_zO1GjnyM"} []
[2018-09-25 22:26:38] security.DEBUG: Read existing security token from the session. {"key":"_security_main"} []
[2018-09-25 22:26:38] security.DEBUG: User was reloaded from a user provider. {"username":"jlrivas@pickeo.net","provider":"PrestaShopBundle\\Security\\Admin\\EmployeeProvider"} []
[2018-09-25 22:26:39] request.CRITICAL: Uncaught PHP Exception Symfony\Component\Debug\Exception\OutOfMemoryException: "Error: Allowed memory size of 100663296 bytes exhausted (tried to allocate 16384 bytes)" at /srv/www/pickeo.net/www/classes/ImageManager.php line 545 {"exception":"[object] (Symfony\\Component\\Debug\\Exception\\OutOfMemoryException(code: 0): Error: Allowed memory size of 100663296 bytes exhausted (tried to allocate 16384 bytes) at /srv/www/pickeo.net/www/classes/ImageManager.php:545)"} []
[2018-09-25 22:26:51] request.INFO: Matched route "admin_product_image_upload". {"route_parameters":{"_controller":"PrestaShopBundle\\Controller\\Admin\\ProductImageController::uploadImageAction","idProduct":"26","_route":"admin_product_image_upload"},"request_uri":"https://www.pickeo.net/admin898yvnpu5/index.php/product/product/image/upload/26?_token=YRIar9rQwJmQ7Z_bY5eej6XhQVl2uqe9rZ_zO1GjnyM"} []
[2018-09-25 22:26:51] security.DEBUG: Read existing security token from the session. {"key":"_security_main"} []
[2018-09-25 22:26:51] security.DEBUG: User was reloaded from a user provider. {"username":"jlrivas@pickeo.net","provider":"PrestaShopBundle\\Security\\Admin\\EmployeeProvider"} []
[2018-09-25 22:26:51] request.CRITICAL: Uncaught PHP Exception Symfony\Component\Debug\Exception\OutOfMemoryException: "Error: Allowed memory size of 100663296 bytes exhausted (tried to allocate 16384 bytes)" at /srv/www/pickeo.net/www/classes/ImageManager.php line 545 {"exception":"[object] (Symfony\\Component\\Debug\\Exception\\OutOfMemoryException(code: 0): Error: Allowed memory size of 100663296 bytes exhausted (tried to allocate 16384 bytes) at /srv/www/pickeo.net/www/classes/ImageManager.php:545)"} []
[2018-09-25 22:28:33] request.INFO: Matched route "admin_product_image_upload". {"route_parameters":{"_controller":"PrestaShopBundle\\Controller\\Admin\\ProductImageController::uploadImageAction","idProduct":"41","_route":"admin_product_image_upload"},"request_uri":"https://www.pickeo.net/admin898yvnpu5/index.php/product/product/image/upload/41?_token=YRIar9rQwJmQ7Z_bY5eej6XhQVl2uqe9rZ_zO1GjnyM"} []
[2018-09-25 22:28:33] security.DEBUG: Read existing security token from the session. {"key":"_security_main"} []
[2018-09-25 22:28:33] security.DEBUG: User was reloaded from a user provider. {"username":"jlrivas@pickeo.net","provider":"PrestaShopBundle\\Security\\Admin\\EmployeeProvider"} []
[2018-09-25 22:28:34] request.CRITICAL: Uncaught PHP Exception Symfony\Component\Debug\Exception\OutOfMemoryException: "Error: Allowed memory size of 100663296 bytes exhausted (tried to allocate 16384 bytes)" at /srv/www/pickeo.net/www/classes/ImageManager.php line 545 {"exception":"[object] (Symfony\\Component\\Debug\\Exception\\OutOfMemoryException(code: 0): Error: Allowed memory size of 100663296 bytes exhausted (tried to allocate 16384 bytes) at /srv/www/pickeo.net/www/classes/ImageManager.php:545)"} []
[2018-09-25 22:28:46] request.INFO: Matched route "admin_product_image_upload". {"route_parameters":{"_controller":"PrestaShopBundle\\Controller\\Admin\\ProductImageController::uploadImageAction","idProduct":"41","_route":"admin_product_image_upload"},"request_uri":"https://www.pickeo.net/admin898yvnpu5/index.php/product/product/image/upload/41?_token=YRIar9rQwJmQ7Z_bY5eej6XhQVl2uqe9rZ_zO1GjnyM"} []
[2018-09-25 22:28:46] security.DEBUG: Read existing security token from the session. {"key":"_security_main"} []
[2018-09-25 22:28:46] security.DEBUG: User was reloaded from a user provider. {"username":"jlrivas@pickeo.net","provider":"PrestaShopBundle\\Security\\Admin\\EmployeeProvider"} []
[2018-09-25 22:28:46] request.CRITICAL: Uncaught PHP Exception Symfony\Component\Debug\Exception\OutOfMemoryException: "Error: Allowed memory size of 100663296 bytes exhausted (tried to allocate 16384 bytes)" at /srv/www/pickeo.net/www/classes/ImageManager.php line 545 {"exception":"[object] (Symfony\\Component\\Debug\\Exception\\OutOfMemoryException(code: 0): Error: Allowed memory size of 100663296 bytes exhausted (tried to allocate 16384 bytes) at /srv/www/pickeo.net/www/classes/ImageManager.php:545)"} []
[2018-09-26 19:44:31] request.INFO: Matched route "admin_product_image_upload". {"route_parameters":{"_controller":"PrestaShopBundle\\Controller\\Admin\\ProductImageController::uploadImageAction","idProduct":"24","_route":"admin_product_image_upload"},"request_uri":"https://www.pickeo.net/admin898yvnpu5/index.php/product/product/image/upload/24?_token=XwrbdzS7I4nNHDe9qAv93x2sl4MuiRJlNIjlnB3n0WM"} []
[2018-09-26 19:44:31] security.DEBUG: Read existing security token from the session. {"key":"_security_main"} []
[2018-09-26 19:44:31] security.DEBUG: User was reloaded from a user provider. {"username":"jlrivas@pickeo.net","provider":"PrestaShopBundle\\Security\\Admin\\EmployeeProvider"} []
[2018-09-26 19:44:31] request.CRITICAL: Uncaught PHP Exception Symfony\Component\Debug\Exception\OutOfMemoryException: "Error: Allowed memory size of 100663296 bytes exhausted (tried to allocate 16384 bytes)" at /srv/www/pickeo.net/www/classes/ImageManager.php line 545 {"exception":"[object] (Symfony\\Component\\Debug\\Exception\\OutOfMemoryException(code: 0): Error: Allowed memory size of 100663296 bytes exhausted (tried to allocate 16384 bytes) at /srv/www/pickeo.net/www/classes/ImageManager.php:545)"} []
[2018-09-26 19:44:49] request.INFO: Matched route "admin_product_image_upload". {"route_parameters":{"_controller":"PrestaShopBundle\\Controller\\Admin\\ProductImageController::uploadImageAction","idProduct":"24","_route":"admin_product_image_upload"},"request_uri":"https://www.pickeo.net/admin898yvnpu5/index.php/product/product/image/upload/24?_token=XwrbdzS7I4nNHDe9qAv93x2sl4MuiRJlNIjlnB3n0WM"} []
[2018-09-26 19:44:49] security.DEBUG: Read existing security token from the session. {"key":"_security_main"} []
[2018-09-26 19:44:49] security.DEBUG: User was reloaded from a user provider. {"username":"jlrivas@pickeo.net","provider":"PrestaShopBundle\\Security\\Admin\\EmployeeProvider"} []
[2018-09-26 19:44:49] request.CRITICAL: Uncaught PHP Exception Symfony\Component\Debug\Exception\OutOfMemoryException: "Error: Allowed memory size of 100663296 bytes exhausted (tried to allocate 16384 bytes)" at /srv/www/pickeo.net/www/classes/ImageManager.php line 545 {"exception":"[object] (Symfony\\Component\\Debug\\Exception\\OutOfMemoryException(code: 0): Error: Allowed memory size of 100663296 bytes exhausted (tried to allocate 16384 bytes) at /srv/www/pickeo.net/www/classes/ImageManager.php:545)"} []
[2018-09-26 22:22:48] request.INFO: Matched route "admin_product_image_upload". {"route_parameters":{"_controller":"PrestaShopBundle\\Controller\\Admin\\ProductImageController::uploadImageAction","idProduct":"24","_route":"admin_product_image_upload"},"request_uri":"https://www.pickeo.net/admin898yvnpu5/index.php/product/product/image/upload/24?_token=XwrbdzS7I4nNHDe9qAv93x2sl4MuiRJlNIjlnB3n0WM"} []
[2018-09-26 22:22:48] security.DEBUG: Read existing security token from the session. {"key":"_security_main"} []
[2018-09-26 22:22:48] security.DEBUG: User was reloaded from a user provider. {"username":"jlrivas@pickeo.net","provider":"PrestaShopBundle\\Security\\Admin\\EmployeeProvider"} []
[2018-09-26 22:22:49] request.CRITICAL: Uncaught PHP Exception Symfony\Component\Debug\Exception\OutOfMemoryException: "Error: Allowed memory size of 100663296 bytes exhausted (tried to allocate 16384 bytes)" at /srv/www/pickeo.net/www/classes/ImageManager.php line 545 {"exception":"[object] (Symfony\\Component\\Debug\\Exception\\OutOfMemoryException(code: 0): Error: Allowed memory size of 100663296 bytes exhausted (tried to allocate 16384 bytes) at /srv/www/pickeo.net/www/classes/ImageManager.php:545)"} []
[2018-09-29 13:12:48] request.INFO: Matched route "admin_product_image_upload". {"route_parameters":{"_controller":"PrestaShopBundle\\Controller\\Admin\\ProductImageController::uploadImageAction","idProduct":"33","_route":"admin_product_image_upload"},"request_uri":"https://www.pickeo.net/admin898yvnpu5/index.php/product/product/image/upload/33?_token=iMY9CjRf16vOItN6s0fvDHV5lfhCe2VUEClSFyRBPdE"} []
[2018-09-29 13:12:48] security.DEBUG: Read existing security token from the session. {"key":"_security_main"} []
[2018-09-29 13:12:48] security.DEBUG: User was reloaded from a user provider. {"username":"jlrivas@pickeo.net","provider":"PrestaShopBundle\\Security\\Admin\\EmployeeProvider"} []
[2018-09-29 13:12:49] request.CRITICAL: Uncaught PHP Exception Symfony\Component\Debug\Exception\OutOfMemoryException: "Error: Allowed memory size of 100663296 bytes exhausted (tried to allocate 12288 bytes)" at /srv/www/pickeo.net/www/classes/ImageManager.php line 545 {"exception":"[object] (Symfony\\Component\\Debug\\Exception\\OutOfMemoryException(code: 0): Error: Allowed memory size of 100663296 bytes exhausted (tried to allocate 12288 bytes) at /srv/www/pickeo.net/www/classes/ImageManager.php:545)"} []
[2018-09-29 13:13:17] request.INFO: Matched route "admin_product_image_upload". {"route_parameters":{"_controller":"PrestaShopBundle\\Controller\\Admin\\ProductImageController::uploadImageAction","idProduct":"33","_route":"admin_product_image_upload"},"request_uri":"https://www.pickeo.net/admin898yvnpu5/index.php/product/product/image/upload/33?_token=iMY9CjRf16vOItN6s0fvDHV5lfhCe2VUEClSFyRBPdE"} []
[2018-09-29 13:13:17] security.DEBUG: Read existing security token from the session. {"key":"_security_main"} []
[2018-09-29 13:13:17] security.DEBUG: User was reloaded from a user provider. {"username":"jlrivas@pickeo.net","provider":"PrestaShopBundle\\Security\\Admin\\EmployeeProvider"} []
[2018-09-29 13:13:17] request.CRITICAL: Uncaught PHP Exception Symfony\Component\Debug\Exception\OutOfMemoryException: "Error: Allowed memory size of 100663296 bytes exhausted (tried to allocate 12288 bytes)" at /srv/www/pickeo.net/www/classes/ImageManager.php line 545 {"exception":"[object] (Symfony\\Component\\Debug\\Exception\\OutOfMemoryException(code: 0): Error: Allowed memory size of 100663296 bytes exhausted (tried to allocate 12288 bytes) at /srv/www/pickeo.net/www/classes/ImageManager.php:545)"} []
[2018-09-29 13:18:30] request.INFO: Matched route "admin_product_image_upload". {"route_parameters":{"_controller":"PrestaShopBundle\\Controller\\Admin\\ProductImageController::uploadImageAction","idProduct":"33","_route":"admin_product_image_upload"},"request_uri":"https://www.pickeo.net/admin898yvnpu5/index.php/product/product/image/upload/33?_token=iMY9CjRf16vOItN6s0fvDHV5lfhCe2VUEClSFyRBPdE"} []
[2018-09-29 13:18:30] security.DEBUG: Read existing security token from the session. {"key":"_security_main"} []
[2018-09-29 13:18:30] security.DEBUG: User was reloaded from a user provider. {"username":"jlrivas@pickeo.net","provider":"PrestaShopBundle\\Security\\Admin\\EmployeeProvider"} []
[2018-09-29 13:18:31] request.CRITICAL: Uncaught PHP Exception Symfony\Component\Debug\Exception\OutOfMemoryException: "Error: Allowed memory size of 100663296 bytes exhausted (tried to allocate 16384 bytes)" at /srv/www/pickeo.net/www/classes/ImageManager.php line 545 {"exception":"[object] (Symfony\\Component\\Debug\\Exception\\OutOfMemoryException(code: 0): Error: Allowed memory size of 100663296 bytes exhausted (tried to allocate 16384 bytes) at /srv/www/pickeo.net/www/classes/ImageManager.php:545)"} []
[2018-09-29 13:18:55] request.INFO: Matched route "admin_product_image_upload". {"route_parameters":{"_controller":"PrestaShopBundle\\Controller\\Admin\\ProductImageController::uploadImageAction","idProduct":"33","_route":"admin_product_image_upload"},"request_uri":"https://www.pickeo.net/admin898yvnpu5/index.php/product/product/image/upload/33?_token=iMY9CjRf16vOItN6s0fvDHV5lfhCe2VUEClSFyRBPdE"} []
[2018-09-29 13:18:55] security.DEBUG: Read existing security token from the session. {"key":"_security_main"} []
[2018-09-29 13:18:55] security.DEBUG: User was reloaded from a user provider. {"username":"jlrivas@pickeo.net","provider":"PrestaShopBundle\\Security\\Admin\\EmployeeProvider"} []
[2018-09-29 13:18:55] request.CRITICAL: Uncaught PHP Exception Symfony\Component\Debug\Exception\OutOfMemoryException: "Error: Allowed memory size of 100663296 bytes exhausted (tried to allocate 12288 bytes)" at /srv/www/pickeo.net/www/classes/ImageManager.php line 545 {"exception":"[object] (Symfony\\Component\\Debug\\Exception\\OutOfMemoryException(code: 0): Error: Allowed memory size of 100663296 bytes exhausted (tried to allocate 12288 bytes) at /srv/www/pickeo.net/www/classes/ImageManager.php:545)"} []
[2018-09-29 13:25:23] request.INFO: Matched route "admin_product_image_upload". {"route_parameters":{"_controller":"PrestaShopBundle\\Controller\\Admin\\ProductImageController::uploadImageAction","idProduct":"33","_route":"admin_product_image_upload"},"request_uri":"https://www.pickeo.net/admin898yvnpu5/index.php/product/product/image/upload/33?_token=iMY9CjRf16vOItN6s0fvDHV5lfhCe2VUEClSFyRBPdE"} []
[2018-09-29 13:25:23] security.DEBUG: Read existing security token from the session. {"key":"_security_main"} []
[2018-09-29 13:25:23] security.DEBUG: User was reloaded from a user provider. {"username":"jlrivas@pickeo.net","provider":"PrestaShopBundle\\Security\\Admin\\EmployeeProvider"} []
[2018-09-29 13:25:23] request.CRITICAL: Uncaught PHP Exception Symfony\Component\Debug\Exception\OutOfMemoryException: "Error: Allowed memory size of 100663296 bytes exhausted (tried to allocate 16384 bytes)" at /srv/www/pickeo.net/www/classes/ImageManager.php line 545 {"exception":"[object] (Symfony\\Component\\Debug\\Exception\\OutOfMemoryException(code: 0): Error: Allowed memory size of 100663296 bytes exhausted (tried to allocate 16384 bytes) at /srv/www/pickeo.net/www/classes/ImageManager.php:545)"} []
